<?xml version="1.0" encoding="UTF-8"?>
<!-- Generated by org.testng.reporters.JUnitReportReporter -->
<testsuite hostname="DESKTOP-VJRR3SJ" name="GoogleTitle.simpleGoogleTest" tests="2" failures="0" timestamp="3 Jan 2018 17:47:59 GMT" time="0.049" errors="0">
  <testcase name="getlinks" time="0.033" classname="GoogleTitle.simpleGoogleTest"/>
  <testcase name="Result" time="0.016" classname="GoogleTitle.simpleGoogleTest"/>
</testsuite> <!-- GoogleTitle.simpleGoogleTest -->
