<?xml version="1.0" encoding="UTF-8"?>
<!-- Generated by org.testng.reporters.JUnitReportReporter -->
<testsuite hostname="DESKTOP-VJRR3SJ" name="GoogleTitle.simpleGoogleTest" tests="1" failures="0" timestamp="3 Jan 2018 17:23:45 GMT" time="0.027" errors="0">
  <testcase name="Result" time="0.027" classname="GoogleTitle.simpleGoogleTest"/>
</testsuite> <!-- GoogleTitle.simpleGoogleTest -->
